# JRE version: OpenJDK Runtime Environment (11.0.12+7) (build 11.0.12+7-b1504.28-7817840)
# Java VM: OpenJDK 64-Bit Server VM (11.0.12+7-b1504.28-7817840, mixed mode, tiered, compressed oops, g1 gc, windows-amd64)
Heap:
 garbage-first heap   total 192512K, used 136025K [0x0000000080000000, 0x0000000100000000)
  region size 1024K, 11 young (11264K), 3 survivors (3072K)
 Metaspace       used 118305K, capacity 121282K, committed 121500K, reserved 1155072K
  class space    used 14268K, capacity 15258K, committed 15360K, reserved 1048576K
GC Heap History (20 events):
Event: 178.104 GC heap before
{Heap before GC invocations=44 (full 0):
 garbage-first heap   total 192512K, used 127431K [0x0000000080000000, 0x0000000100000000)
  region size 1024K, 9 young (9216K), 1 survivors (1024K)
 Metaspace       used 108942K, capacity 111684K, committed 111900K, reserved 1146880K
  class space    used 13188K, capacity 14119K, committed 14208K, reserved 1048576K
}
Event: 178.110 GC heap after
{Heap after GC invocations=45 (full 0):
 garbage-first heap   total 192512K, used 115245K [0x0000000080000000, 0x0000000100000000)
  region size 1024K, 1 young (1024K), 1 survivors (1024K)
 Metaspace       used 108942K, capacity 111684K, committed 111900K, reserved 1146880K
  class space    used 13188K, capacity 14119K, committed 14208K, reserved 1048576K
}
Event: 178.517 GC heap before
{Heap before GC invocations=45 (full 0):
 garbage-first heap   total 192512K, used 154157K [0x0000000080000000, 0x0000000100000000)
  region size 1024K, 39 young (39936K), 1 survivors (1024K)
 Metaspace       used 108945K, capacity 111684K, committed 111900K, reserved 1146880K
  class space    used 13188K, capacity 14119K, committed 14208K, reserved 1048576K
}
Event: 178.523 GC heap after
{Heap after GC invocations=46 (full 0):
 garbage-first heap   total 192512K, used 117550K [0x0000000080000000, 0x0000000100000000)
  region size 1024K, 4 young (4096K), 4 survivors (4096K)
 Metaspace       used 108945K, capacity 111684K, committed 111900K, reserved 1146880K
  class space    used 13188K, capacity 14119K, committed 14208K, reserved 1048576K
}
Event: 178.934 GC heap before
{Heap before GC invocations=46 (full 0):
 garbage-first heap   total 192512K, used 155438K [0x0000000080000000, 0x0000000100000000)
  region size 1024K, 41 young (41984K), 4 survivors (4096K)
 Metaspace       used 108946K, capacity 111684K, committed 111900K, reserved 1146880K
  class space    used 13188K, capacity 14119K, committed 14208K, reserved 1048576K
}
Event: 178.939 GC heap after
{Heap after GC invocations=47 (full 0):
 garbage-first heap   total 192512K, used 117957K [0x0000000080000000, 0x0000000100000000)
  region size 1024K, 4 young (4096K), 4 survivors (4096K)
 Metaspace       used 108946K, capacity 111684K, committed 111900K, reserved 1146880K
  class space    used 13188K, capacity 14119K, committed 14208K, reserved 1048576K
}
Event: 179.292 GC heap before
{Heap before GC invocations=47 (full 0):
 garbage-first heap   total 192512K, used 157893K [0x0000000080000000, 0x0000000100000000)
  region size 1024K, 43 young (44032K), 4 survivors (4096K)
 Metaspace       used 108946K, capacity 111684K, committed 111900K, reserved 1146880K
  class space    used 13188K, capacity 14119K, committed 14208K, reserved 1048576K
}
Event: 179.294 GC heap after
{Heap after GC invocations=48 (full 0):
 garbage-first heap   total 192512K, used 118184K [0x0000000080000000, 0x0000000100000000)
  region size 1024K, 4 young (4096K), 4 survivors (4096K)
 Metaspace       used 108946K, capacity 111684K, committed 111900K, reserved 1146880K
  class space    used 13188K, capacity 14119K, committed 14208K, reserved 1048576K
}
Event: 179.922 GC heap before
{Heap before GC invocations=48 (full 0):
 garbage-first heap   total 192512K, used 158120K [0x0000000080000000, 0x0000000100000000)
  region size 1024K, 43 young (44032K), 4 survivors (4096K)
 Metaspace       used 110727K, capacity 113538K, committed 113692K, reserved 1148928K
  class space    used 13430K, capacity 14376K, committed 14464K, reserved 1048576K
}
Event: 179.925 GC heap after
{Heap after GC invocations=49 (full 0):
 garbage-first heap   total 192512K, used 114232K [0x0000000080000000, 0x0000000100000000)
  region size 1024K, 2 young (2048K), 2 survivors (2048K)
 Metaspace       used 110727K, capacity 113538K, committed 113692K, reserved 1148928K
  class space    used 13430K, capacity 14376K, committed 14464K, reserved 1048576K
}
Event: 181.561 GC heap before
{Heap before GC invocations=49 (full 0):
 garbage-first heap   total 192512K, used 160312K [0x0000000080000000, 0x0000000100000000)
  region size 1024K, 46 young (47104K), 2 survivors (2048K)
 Metaspace       used 116151K, capacity 119049K, committed 119196K, reserved 1153024K
  class space    used 14063K, capacity 14999K, committed 15104K, reserved 1048576K
}
Event: 181.574 GC heap after
{Heap after GC invocations=50 (full 0):
 garbage-first heap   total 192512K, used 124358K [0x0000000080000000, 0x0000000100000000)
  region size 1024K, 6 young (6144K), 6 survivors (6144K)
 Metaspace       used 116151K, capacity 119049K, committed 119196K, reserved 1153024K
  class space    used 14063K, capacity 14999K, committed 15104K, reserved 1048576K
}
Event: 182.492 GC heap before
{Heap before GC invocations=50 (full 0):
 garbage-first heap   total 192512K, used 158150K [0x0000000080000000, 0x0000000100000000)
  region size 1024K, 41 young (41984K), 6 survivors (6144K)
 Metaspace       used 118090K, capacity 121036K, committed 121244K, reserved 1155072K
  class space    used 14261K, capacity 15254K, committed 15360K, reserved 1048576K
}
Event: 182.503 GC heap after
{Heap after GC invocations=51 (full 0):
 garbage-first heap   total 192512K, used 126305K [0x0000000080000000, 0x0000000100000000)
  region size 1024K, 5 young (5120K), 5 survivors (5120K)
 Metaspace       used 118090K, capacity 121036K, committed 121244K, reserved 1155072K
  class space    used 14261K, capacity 15254K, committed 15360K, reserved 1048576K
}
Event: 182.869 GC heap before
{Heap before GC invocations=51 (full 0):
 garbage-first heap   total 192512K, used 159073K [0x0000000080000000, 0x0000000100000000)
  region size 1024K, 38 young (38912K), 5 survivors (5120K)
 Metaspace       used 118125K, capacity 121106K, committed 121244K, reserved 1155072K
  class space    used 14262K, capacity 15255K, committed 15360K, reserved 1048576K
}
Event: 182.876 GC heap after
{Heap after GC invocations=52 (full 0):
 garbage-first heap   total 192512K, used 127908K [0x0000000080000000, 0x0000000100000000)
  region size 1024K, 2 young (2048K), 2 survivors (2048K)
 Metaspace       used 118125K, capacity 121106K, committed 121244K, reserved 1155072K
  class space    used 14262K, capacity 15255K, committed 15360K, reserved 1048576K
}
Event: 183.169 GC heap before
{Heap before GC invocations=52 (full 0):
 garbage-first heap   total 192512K, used 159652K [0x0000000080000000, 0x0000000100000000)
  region size 1024K, 34 young (34816K), 2 survivors (2048K)
 Metaspace       used 118128K, capacity 121106K, committed 121244K, reserved 1155072K
  class space    used 14262K, capacity 15255K, committed 15360K, reserved 1048576K
}
Event: 183.172 GC heap after
{Heap after GC invocations=53 (full 0):
 garbage-first heap   total 192512K, used 128912K [0x0000000080000000, 0x0000000100000000)
  region size 1024K, 3 young (3072K), 3 survivors (3072K)
 Metaspace       used 118128K, capacity 121106K, committed 121244K, reserved 1155072K
  class space    used 14262K, capacity 15255K, committed 15360K, reserved 1048576K
}
Event: 183.869 GC heap before
{Heap before GC invocations=53 (full 0):
 garbage-first heap   total 192512K, used 160656K [0x0000000080000000, 0x0000000100000000)
  region size 1024K, 35 young (35840K), 3 survivors (3072K)
 Metaspace       used 118301K, capacity 121281K, committed 121500K, reserved 1155072K
  class space    used 14267K, capacity 15258K, committed 15360K, reserved 1048576K
}
Event: 183.874 GC heap after
{Heap after GC invocations=54 (full 0):
 garbage-first heap   total 192512K, used 129881K [0x0000000080000000, 0x0000000100000000)
  region size 1024K, 3 young (3072K), 3 survivors (3072K)
 Metaspace       used 118301K, capacity 121281K, committed 121500K, reserved 1155072K
  class space    used 14267K, capacity 15258K, committed 15360K, reserved 1048576K
}

